2025-03-19 12:16:07 - Neovide panicked with the message 'OS can't spawn worker thread: OS Error 1450 (FormatMessageW() returned error 1001) (os error 1450)'. (File: C:\Users\runneradmin/.cargo\registry\src\index.crates.io-6f17d22bba15001f\tokio-1.38.0\src\io\blocking.rs; Line: 149, Column: 50)
   0: <unknown>
   1: <unknown>
   2: <unknown>
   3: <unknown>
   4: <unknown>
   5: <unknown>
   6: <unknown>
   7: <unknown>
   8: <unknown>
   9: <unknown>
  10: <unknown>
  11: <unknown>
  12: <unknown>
  13: <unknown>
  14: <unknown>
  15: <unknown>
  16: <unknown>
  17: <unknown>
  18: <unknown>

2025-03-19 12:16:14 - Neovide panicked with the message 'Failed to resize buffers: Error { code: HRESULT(0x8007000E), message: "Not enough memory resources are available to complete this operation." }'. (File: src\renderer\d3d.rs; Line: 440, Column: 18)
   0: <unknown>
   1: <unknown>
   2: <unknown>
   3: <unknown>
   4: <unknown>
   5: <unknown>
   6: <unknown>
   7: <unknown>
   8: <unknown>
   9: <unknown>
  10: <unknown>
  11: <unknown>
  12: <unknown>
  13: <unknown>
  14: <unknown>
  15: DispatchMessageW
  16: DispatchMessageW
  17: <unknown>
  18: <unknown>
  19: <unknown>
  20: <unknown>
  21: <unknown>
  22: BaseThreadInitThunk
  23: RtlUserThreadStart

2025-03-19 12:17:24 - Neovide panicked with the message 'Failed to resize buffers: Error { code: HRESULT(0x8007000E), message: "Not enough memory resources are available to complete this operation." }'. (File: src\renderer\d3d.rs; Line: 440, Column: 18)
   0: <unknown>
   1: <unknown>
   2: <unknown>
   3: <unknown>
   4: <unknown>
   5: <unknown>
   6: <unknown>
   7: <unknown>
   8: <unknown>
   9: <unknown>
  10: <unknown>
  11: <unknown>
  12: <unknown>
  13: <unknown>
  14: <unknown>
  15: DispatchMessageW
  16: DispatchMessageW
  17: <unknown>
  18: <unknown>
  19: <unknown>
  20: <unknown>
  21: <unknown>
  22: BaseThreadInitThunk
  23: RtlUserThreadStart

